[0.779s] Invoking command in '/home/me597/ME597/me597_lab3/04/task_4': PYTHONPATH=/home/me597/ME597/me597_lab3/04/build/task_4/prefix_override:/usr/lib/python3/dist-packages/colcon_core/task/python/colcon_distutils_commands:/home/me597/ME597/me597_lab3/04/install/task_4/lib/python3.10/site-packages:${PYTHONPATH} /usr/bin/python3 -W ignore:setup.py install is deprecated -W ignore:easy_install command is deprecated setup.py egg_info --egg-base ../build/task_4 build --build-base /home/me597/ME597/me597_lab3/04/build/task_4/build install --record /home/me597/ME597/me597_lab3/04/build/task_4/install.log --single-version-externally-managed install_data
[1.107s] running egg_info
[1.107s] writing ../build/task_4/task_4.egg-info/PKG-INFO
[1.107s] writing dependency_links to ../build/task_4/task_4.egg-info/dependency_links.txt
[1.109s] writing entry points to ../build/task_4/task_4.egg-info/entry_points.txt
[1.109s] writing requirements to ../build/task_4/task_4.egg-info/requires.txt
[1.111s] writing top-level names to ../build/task_4/task_4.egg-info/top_level.txt
[1.115s] reading manifest file '../build/task_4/task_4.egg-info/SOURCES.txt'
[1.116s] adding license file 'LICENSE'
[1.118s] writing manifest file '../build/task_4/task_4.egg-info/SOURCES.txt'
[1.120s] running build
[1.121s] running build_py
[1.121s] copying task_4/auto_navigator.py -> /home/me597/ME597/me597_lab3/04/build/task_4/build/lib/task_4
[1.122s] running install
[1.123s] running install_lib
[1.125s] copying /home/me597/ME597/me597_lab3/04/build/task_4/build/lib/task_4/auto_navigator.py -> /home/me597/ME597/me597_lab3/04/install/task_4/lib/python3.10/site-packages/task_4
[1.126s] byte-compiling /home/me597/ME597/me597_lab3/04/install/task_4/lib/python3.10/site-packages/task_4/auto_navigator.py to auto_navigator.cpython-310.pyc
[1.135s] running install_data
[1.135s] running install_egg_info
[1.138s] removing '/home/me597/ME597/me597_lab3/04/install/task_4/lib/python3.10/site-packages/task_4-0.0.0-py3.10.egg-info' (and everything under it)
[1.141s] Copying ../build/task_4/task_4.egg-info to /home/me597/ME597/me597_lab3/04/install/task_4/lib/python3.10/site-packages/task_4-0.0.0-py3.10.egg-info
[1.142s] running install_scripts
[1.166s] Installing auto_navigator script to /home/me597/ME597/me597_lab3/04/install/task_4/lib/task_4
[1.168s] Installing map_test script to /home/me597/ME597/me597_lab3/04/install/task_4/lib/task_4
[1.168s] Installing test_astar script to /home/me597/ME597/me597_lab3/04/install/task_4/lib/task_4
[1.169s] writing list of installed files to '/home/me597/ME597/me597_lab3/04/build/task_4/install.log'
[1.203s] Invoked command in '/home/me597/ME597/me597_lab3/04/task_4' returned '0': PYTHONPATH=/home/me597/ME597/me597_lab3/04/build/task_4/prefix_override:/usr/lib/python3/dist-packages/colcon_core/task/python/colcon_distutils_commands:/home/me597/ME597/me597_lab3/04/install/task_4/lib/python3.10/site-packages:${PYTHONPATH} /usr/bin/python3 -W ignore:setup.py install is deprecated -W ignore:easy_install command is deprecated setup.py egg_info --egg-base ../build/task_4 build --build-base /home/me597/ME597/me597_lab3/04/build/task_4/build install --record /home/me597/ME597/me597_lab3/04/build/task_4/install.log --single-version-externally-managed install_data
