[1.901s] Invoking command in '/home/me597/ME597/me597_lab3/04/task_4': PYTHONPATH=/home/me597/ME597/me597_lab3/04/build/task_4/prefix_override:/usr/lib/python3/dist-packages/colcon_core/task/python/colcon_distutils_commands:/home/me597/ME597/me597_lab3/04/install/task_4/lib/python3.10/site-packages:${PYTHONPATH} /usr/bin/python3 -W ignore:setup.py install is deprecated -W ignore:easy_install command is deprecated setup.py egg_info --egg-base ../build/task_4 build --build-base /home/me597/ME597/me597_lab3/04/build/task_4/build install --record /home/me597/ME597/me597_lab3/04/build/task_4/install.log --single-version-externally-managed install_data
[2.270s] running egg_info
[2.271s] writing ../build/task_4/task_4.egg-info/PKG-INFO
[2.271s] writing dependency_links to ../build/task_4/task_4.egg-info/dependency_links.txt
[2.272s] writing entry points to ../build/task_4/task_4.egg-info/entry_points.txt
[2.274s] writing requirements to ../build/task_4/task_4.egg-info/requires.txt
[2.274s] writing top-level names to ../build/task_4/task_4.egg-info/top_level.txt
[2.277s] reading manifest file '../build/task_4/task_4.egg-info/SOURCES.txt'
[2.277s] adding license file 'LICENSE'
[2.279s] writing manifest file '../build/task_4/task_4.egg-info/SOURCES.txt'
[2.279s] running build
[2.279s] running build_py
[2.280s] copying task_4/auto_navigator.py -> /home/me597/ME597/me597_lab3/04/build/task_4/build/lib/task_4
[2.282s] running install
[2.282s] running install_lib
[2.284s] copying /home/me597/ME597/me597_lab3/04/build/task_4/build/lib/task_4/auto_navigator.py -> /home/me597/ME597/me597_lab3/04/install/task_4/lib/python3.10/site-packages/task_4
[2.288s] byte-compiling /home/me597/ME597/me597_lab3/04/install/task_4/lib/python3.10/site-packages/task_4/auto_navigator.py to auto_navigator.cpython-310.pyc
[2.317s] running install_data
[2.318s] running install_egg_info
[2.324s] removing '/home/me597/ME597/me597_lab3/04/install/task_4/lib/python3.10/site-packages/task_4-0.0.0-py3.10.egg-info' (and everything under it)
[2.324s] Copying ../build/task_4/task_4.egg-info to /home/me597/ME597/me597_lab3/04/install/task_4/lib/python3.10/site-packages/task_4-0.0.0-py3.10.egg-info
[2.327s] running install_scripts
[2.376s] Installing auto_navigator script to /home/me597/ME597/me597_lab3/04/install/task_4/lib/task_4
[2.379s] Installing map_test script to /home/me597/ME597/me597_lab3/04/install/task_4/lib/task_4
[2.380s] Installing test_astar script to /home/me597/ME597/me597_lab3/04/install/task_4/lib/task_4
[2.380s] writing list of installed files to '/home/me597/ME597/me597_lab3/04/build/task_4/install.log'
[2.412s] Invoked command in '/home/me597/ME597/me597_lab3/04/task_4' returned '0': PYTHONPATH=/home/me597/ME597/me597_lab3/04/build/task_4/prefix_override:/usr/lib/python3/dist-packages/colcon_core/task/python/colcon_distutils_commands:/home/me597/ME597/me597_lab3/04/install/task_4/lib/python3.10/site-packages:${PYTHONPATH} /usr/bin/python3 -W ignore:setup.py install is deprecated -W ignore:easy_install command is deprecated setup.py egg_info --egg-base ../build/task_4 build --build-base /home/me597/ME597/me597_lab3/04/build/task_4/build install --record /home/me597/ME597/me597_lab3/04/build/task_4/install.log --single-version-externally-managed install_data
