/home/me597/ME597/me597_lab3/04/install/task_4/lib/python3.10/site-packages/task_4/__init__.py
/home/me597/ME597/me597_lab3/04/install/task_4/lib/python3.10/site-packages/task_4/auto_navigator_fast.py
/home/me597/ME597/me597_lab3/04/install/task_4/lib/python3.10/site-packages/task_4/test.py
/home/me597/ME597/me597_lab3/04/install/task_4/lib/python3.10/site-packages/task_4/auto_navigator.py
/home/me597/ME597/me597_lab3/04/install/task_4/lib/python3.10/site-packages/task_4/__pycache__/__init__.cpython-310.pyc
/home/me597/ME597/me597_lab3/04/install/task_4/lib/python3.10/site-packages/task_4/__pycache__/auto_navigator_fast.cpython-310.pyc
/home/me597/ME597/me597_lab3/04/install/task_4/lib/python3.10/site-packages/task_4/__pycache__/test.cpython-310.pyc
/home/me597/ME597/me597_lab3/04/install/task_4/lib/python3.10/site-packages/task_4/__pycache__/auto_navigator.cpython-310.pyc
/home/me597/ME597/me597_lab3/04/install/task_4/share/ament_index/resource_index/packages/task_4
/home/me597/ME597/me597_lab3/04/install/task_4/share/task_4/package.xml
/home/me597/ME597/me597_lab3/04/install/task_4/share/task_4/launch/gen_auto_nav_launch.py
/home/me597/ME597/me597_lab3/04/install/task_4/share/task_4/launch/gen_sync_map_launch.py
/home/me597/ME597/me597_lab3/04/install/task_4/share/task_4/launch/view_robot.launch.py
/home/me597/ME597/me597_lab3/04/install/task_4/share/task_4/launch/turtlebot4_navigator.launch.py
/home/me597/ME597/me597_lab3/04/install/task_4/share/task_4/maps/sync_classroom_map.pgm
/home/me597/ME597/me597_lab3/04/install/task_4/share/task_4/maps/classroom_map.yaml
/home/me597/ME597/me597_lab3/04/install/task_4/share/task_4/maps/classroom_map.rviz
/home/me597/ME597/me597_lab3/04/install/task_4/share/task_4/maps/sync_classroom_map.yaml
/home/me597/ME597/me597_lab3/04/install/task_4/share/task_4/maps/sync_classroom_map.rviz
/home/me597/ME597/me597_lab3/04/install/task_4/share/task_4/maps/classroom_map.pgm
/home/me597/ME597/me597_lab3/04/install/task_4/share/task_4/maps/classroom.rviz
/home/me597/ME597/me597_lab3/04/install/task_4/share/task_4/rviz/robot.rviz
/home/me597/ME597/me597_lab3/04/install/task_4/lib/python3.10/site-packages/task_4-0.0.0-py3.10.egg-info/top_level.txt
/home/me597/ME597/me597_lab3/04/install/task_4/lib/python3.10/site-packages/task_4-0.0.0-py3.10.egg-info/requires.txt
/home/me597/ME597/me597_lab3/04/install/task_4/lib/python3.10/site-packages/task_4-0.0.0-py3.10.egg-info/SOURCES.txt
/home/me597/ME597/me597_lab3/04/install/task_4/lib/python3.10/site-packages/task_4-0.0.0-py3.10.egg-info/dependency_links.txt
/home/me597/ME597/me597_lab3/04/install/task_4/lib/python3.10/site-packages/task_4-0.0.0-py3.10.egg-info/entry_points.txt
/home/me597/ME597/me597_lab3/04/install/task_4/lib/python3.10/site-packages/task_4-0.0.0-py3.10.egg-info/PKG-INFO
/home/me597/ME597/me597_lab3/04/install/task_4/lib/python3.10/site-packages/task_4-0.0.0-py3.10.egg-info/zip-safe
/home/me597/ME597/me597_lab3/04/install/task_4/lib/task_4/auto_navigator
/home/me597/ME597/me597_lab3/04/install/task_4/lib/task_4/map_test
/home/me597/ME597/me597_lab3/04/install/task_4/lib/task_4/test
