[0.799s] Invoking command in '/home/me597/ME597/me597_lab3/04/task_4': PYTHONPATH=/home/me597/ME597/me597_lab3/04/build/task_4/prefix_override:/usr/lib/python3/dist-packages/colcon_core/task/python/colcon_distutils_commands:/home/me597/ME597/me597_lab3/04/install/task_4/lib/python3.10/site-packages:${PYTHONPATH} /usr/bin/python3 -W ignore:setup.py install is deprecated -W ignore:easy_install command is deprecated setup.py egg_info --egg-base ../build/task_4 build --build-base /home/me597/ME597/me597_lab3/04/build/task_4/build install --record /home/me597/ME597/me597_lab3/04/build/task_4/install.log --single-version-externally-managed install_data
[1.062s] running egg_info
[1.064s] writing ../build/task_4/task_4.egg-info/PKG-INFO
[1.065s] writing dependency_links to ../build/task_4/task_4.egg-info/dependency_links.txt
[1.065s] writing entry points to ../build/task_4/task_4.egg-info/entry_points.txt
[1.066s] writing requirements to ../build/task_4/task_4.egg-info/requires.txt
[1.070s] writing top-level names to ../build/task_4/task_4.egg-info/top_level.txt
[1.070s] reading manifest file '../build/task_4/task_4.egg-info/SOURCES.txt'
[1.070s] adding license file 'LICENSE'
[1.070s] writing manifest file '../build/task_4/task_4.egg-info/SOURCES.txt'
[1.071s] running build
[1.071s] running build_py
[1.074s] copying task_4/auto_navigator.py -> /home/me597/ME597/me597_lab3/04/build/task_4/build/lib/task_4
[1.074s] running install
[1.074s] running install_lib
[1.074s] copying /home/me597/ME597/me597_lab3/04/build/task_4/build/lib/task_4/auto_navigator.py -> /home/me597/ME597/me597_lab3/04/install/task_4/lib/python3.10/site-packages/task_4
[1.077s] byte-compiling /home/me597/ME597/me597_lab3/04/install/task_4/lib/python3.10/site-packages/task_4/auto_navigator.py to auto_navigator.cpython-310.pyc
[1.083s] running install_data
[1.085s] running install_egg_info
[1.086s] removing '/home/me597/ME597/me597_lab3/04/install/task_4/lib/python3.10/site-packages/task_4-0.0.0-py3.10.egg-info' (and everything under it)
[1.089s] Copying ../build/task_4/task_4.egg-info to /home/me597/ME597/me597_lab3/04/install/task_4/lib/python3.10/site-packages/task_4-0.0.0-py3.10.egg-info
[1.096s] running install_scripts
[1.120s] Installing auto_navigator script to /home/me597/ME597/me597_lab3/04/install/task_4/lib/task_4
[1.121s] Installing map_test script to /home/me597/ME597/me597_lab3/04/install/task_4/lib/task_4
[1.123s] Installing test_astar script to /home/me597/ME597/me597_lab3/04/install/task_4/lib/task_4
[1.123s] writing list of installed files to '/home/me597/ME597/me597_lab3/04/build/task_4/install.log'
[1.164s] Invoked command in '/home/me597/ME597/me597_lab3/04/task_4' returned '0': PYTHONPATH=/home/me597/ME597/me597_lab3/04/build/task_4/prefix_override:/usr/lib/python3/dist-packages/colcon_core/task/python/colcon_distutils_commands:/home/me597/ME597/me597_lab3/04/install/task_4/lib/python3.10/site-packages:${PYTHONPATH} /usr/bin/python3 -W ignore:setup.py install is deprecated -W ignore:easy_install command is deprecated setup.py egg_info --egg-base ../build/task_4 build --build-base /home/me597/ME597/me597_lab3/04/build/task_4/build install --record /home/me597/ME597/me597_lab3/04/build/task_4/install.log --single-version-externally-managed install_data
