[0.654s] Invoking command in '/home/me597/ME597/me597_lab3/04/task_4': PYTHONPATH=/home/me597/ME597/me597_lab3/04/build/task_4/prefix_override:/usr/lib/python3/dist-packages/colcon_core/task/python/colcon_distutils_commands:/home/me597/ME597/me597_lab3/04/install/task_4/lib/python3.10/site-packages:${PYTHONPATH} /usr/bin/python3 -W ignore:setup.py install is deprecated -W ignore:easy_install command is deprecated setup.py egg_info --egg-base ../build/task_4 build --build-base /home/me597/ME597/me597_lab3/04/build/task_4/build install --record /home/me597/ME597/me597_lab3/04/build/task_4/install.log --single-version-externally-managed install_data
[0.862s] running egg_info
[0.863s] creating ../build/task_4/task_4.egg-info
[0.864s] writing ../build/task_4/task_4.egg-info/PKG-INFO
[0.864s] writing dependency_links to ../build/task_4/task_4.egg-info/dependency_links.txt
[0.864s] writing entry points to ../build/task_4/task_4.egg-info/entry_points.txt
[0.864s] writing requirements to ../build/task_4/task_4.egg-info/requires.txt
[0.864s] writing top-level names to ../build/task_4/task_4.egg-info/top_level.txt
[0.864s] writing manifest file '../build/task_4/task_4.egg-info/SOURCES.txt'
[0.865s] reading manifest file '../build/task_4/task_4.egg-info/SOURCES.txt'
[0.866s] adding license file 'LICENSE'
[0.866s] writing manifest file '../build/task_4/task_4.egg-info/SOURCES.txt'
[0.866s] running build
[0.866s] running build_py
[0.866s] creating /home/me597/ME597/me597_lab3/04/build/task_4/build
[0.866s] creating /home/me597/ME597/me597_lab3/04/build/task_4/build/lib
[0.867s] creating /home/me597/ME597/me597_lab3/04/build/task_4/build/lib/task_4
[0.867s] copying task_4/__init__.py -> /home/me597/ME597/me597_lab3/04/build/task_4/build/lib/task_4
[0.867s] copying task_4/auto_navigator.py -> /home/me597/ME597/me597_lab3/04/build/task_4/build/lib/task_4
[0.868s] running install
[0.869s] running install_lib
[0.870s] creating /home/me597/ME597/me597_lab3/04/install/task_4/lib/python3.10/site-packages/task_4
[0.870s] copying /home/me597/ME597/me597_lab3/04/build/task_4/build/lib/task_4/__init__.py -> /home/me597/ME597/me597_lab3/04/install/task_4/lib/python3.10/site-packages/task_4
[0.871s] copying /home/me597/ME597/me597_lab3/04/build/task_4/build/lib/task_4/auto_navigator.py -> /home/me597/ME597/me597_lab3/04/install/task_4/lib/python3.10/site-packages/task_4
[0.872s] byte-compiling /home/me597/ME597/me597_lab3/04/install/task_4/lib/python3.10/site-packages/task_4/__init__.py to __init__.cpython-310.pyc
[0.873s] byte-compiling /home/me597/ME597/me597_lab3/04/install/task_4/lib/python3.10/site-packages/task_4/auto_navigator.py to auto_navigator.cpython-310.pyc
[0.874s] running install_data
[0.874s] creating /home/me597/ME597/me597_lab3/04/install/task_4/share/ament_index
[0.874s] creating /home/me597/ME597/me597_lab3/04/install/task_4/share/ament_index/resource_index
[0.874s] creating /home/me597/ME597/me597_lab3/04/install/task_4/share/ament_index/resource_index/packages
[0.875s] copying resource/task_4 -> /home/me597/ME597/me597_lab3/04/install/task_4/share/ament_index/resource_index/packages
[0.875s] copying package.xml -> /home/me597/ME597/me597_lab3/04/install/task_4/share/task_4
[0.875s] creating /home/me597/ME597/me597_lab3/04/install/task_4/share/task_4/launch
[0.875s] copying launch/gen_sync_map_launch.py -> /home/me597/ME597/me597_lab3/04/install/task_4/share/task_4/launch
[0.875s] running install_egg_info
[0.876s] Copying ../build/task_4/task_4.egg-info to /home/me597/ME597/me597_lab3/04/install/task_4/lib/python3.10/site-packages/task_4-0.0.0-py3.10.egg-info
[0.878s] running install_scripts
[0.896s] Installing auto_navigator.py script to /home/me597/ME597/me597_lab3/04/install/task_4/lib/task_4
[0.897s] writing list of installed files to '/home/me597/ME597/me597_lab3/04/build/task_4/install.log'
[0.920s] Invoked command in '/home/me597/ME597/me597_lab3/04/task_4' returned '0': PYTHONPATH=/home/me597/ME597/me597_lab3/04/build/task_4/prefix_override:/usr/lib/python3/dist-packages/colcon_core/task/python/colcon_distutils_commands:/home/me597/ME597/me597_lab3/04/install/task_4/lib/python3.10/site-packages:${PYTHONPATH} /usr/bin/python3 -W ignore:setup.py install is deprecated -W ignore:easy_install command is deprecated setup.py egg_info --egg-base ../build/task_4 build --build-base /home/me597/ME597/me597_lab3/04/build/task_4/build install --record /home/me597/ME597/me597_lab3/04/build/task_4/install.log --single-version-externally-managed install_data
