[0.939s] Invoking command in '/home/me597/ME597/me597_lab3/04/task_4': PYTHONPATH=/home/me597/ME597/me597_lab3/04/build/task_4/prefix_override:/usr/lib/python3/dist-packages/colcon_core/task/python/colcon_distutils_commands:/home/me597/ME597/me597_lab3/04/install/task_4/lib/python3.10/site-packages:${PYTHONPATH} /usr/bin/python3 -W ignore:setup.py install is deprecated -W ignore:easy_install command is deprecated setup.py egg_info --egg-base ../build/task_4 build --build-base /home/me597/ME597/me597_lab3/04/build/task_4/build install --record /home/me597/ME597/me597_lab3/04/build/task_4/install.log --single-version-externally-managed install_data
[1.264s] running egg_info
[1.266s] writing ../build/task_4/task_4.egg-info/PKG-INFO
[1.266s] writing dependency_links to ../build/task_4/task_4.egg-info/dependency_links.txt
[1.267s] writing entry points to ../build/task_4/task_4.egg-info/entry_points.txt
[1.267s] writing requirements to ../build/task_4/task_4.egg-info/requires.txt
[1.267s] writing top-level names to ../build/task_4/task_4.egg-info/top_level.txt
[1.276s] reading manifest file '../build/task_4/task_4.egg-info/SOURCES.txt'
[1.276s] adding license file 'LICENSE'
[1.276s] writing manifest file '../build/task_4/task_4.egg-info/SOURCES.txt'
[1.276s] running build
[1.276s] running build_py
[1.276s] copying task_4/auto_navigator.py -> /home/me597/ME597/me597_lab3/04/build/task_4/build/lib/task_4
[1.277s] running install
[1.278s] running install_lib
[1.279s] copying /home/me597/ME597/me597_lab3/04/build/task_4/build/lib/task_4/auto_navigator.py -> /home/me597/ME597/me597_lab3/04/install/task_4/lib/python3.10/site-packages/task_4
[1.281s] byte-compiling /home/me597/ME597/me597_lab3/04/install/task_4/lib/python3.10/site-packages/task_4/auto_navigator.py to auto_navigator.cpython-310.pyc
[1.294s] running install_data
[1.294s] running install_egg_info
[1.298s] removing '/home/me597/ME597/me597_lab3/04/install/task_4/lib/python3.10/site-packages/task_4-0.0.0-py3.10.egg-info' (and everything under it)
[1.300s] Copying ../build/task_4/task_4.egg-info to /home/me597/ME597/me597_lab3/04/install/task_4/lib/python3.10/site-packages/task_4-0.0.0-py3.10.egg-info
[1.301s] running install_scripts
[1.332s] Installing auto_navigator script to /home/me597/ME597/me597_lab3/04/install/task_4/lib/task_4
[1.333s] Installing map_test script to /home/me597/ME597/me597_lab3/04/install/task_4/lib/task_4
[1.334s] Installing test script to /home/me597/ME597/me597_lab3/04/install/task_4/lib/task_4
[1.338s] writing list of installed files to '/home/me597/ME597/me597_lab3/04/build/task_4/install.log'
[1.390s] Invoked command in '/home/me597/ME597/me597_lab3/04/task_4' returned '0': PYTHONPATH=/home/me597/ME597/me597_lab3/04/build/task_4/prefix_override:/usr/lib/python3/dist-packages/colcon_core/task/python/colcon_distutils_commands:/home/me597/ME597/me597_lab3/04/install/task_4/lib/python3.10/site-packages:${PYTHONPATH} /usr/bin/python3 -W ignore:setup.py install is deprecated -W ignore:easy_install command is deprecated setup.py egg_info --egg-base ../build/task_4 build --build-base /home/me597/ME597/me597_lab3/04/build/task_4/build install --record /home/me597/ME597/me597_lab3/04/build/task_4/install.log --single-version-externally-managed install_data
