[1.395s] Invoking command in '/home/me597/ME597/me597_lab3/04/task_4': PYTHONPATH=/home/me597/ME597/me597_lab3/build/task_4/prefix_override:/usr/lib/python3/dist-packages/colcon_core/task/python/colcon_distutils_commands:/home/me597/ME597/me597_lab3/install/task_4/lib/python3.10/site-packages:${PYTHONPATH} /usr/bin/python3 -W ignore:setup.py install is deprecated -W ignore:easy_install command is deprecated setup.py egg_info --egg-base ../../build/task_4 build --build-base /home/me597/ME597/me597_lab3/build/task_4/build install --record /home/me597/ME597/me597_lab3/build/task_4/install.log --single-version-externally-managed install_data
[1.825s] running egg_info
[1.827s] creating ../../build/task_4/task_4.egg-info
[1.828s] writing ../../build/task_4/task_4.egg-info/PKG-INFO
[1.828s] writing dependency_links to ../../build/task_4/task_4.egg-info/dependency_links.txt
[1.828s] writing entry points to ../../build/task_4/task_4.egg-info/entry_points.txt
[1.828s] writing requirements to ../../build/task_4/task_4.egg-info/requires.txt
[1.828s] writing top-level names to ../../build/task_4/task_4.egg-info/top_level.txt
[1.828s] writing manifest file '../../build/task_4/task_4.egg-info/SOURCES.txt'
[1.833s] reading manifest file '../../build/task_4/task_4.egg-info/SOURCES.txt'
[1.833s] adding license file 'LICENSE'
[1.834s] writing manifest file '../../build/task_4/task_4.egg-info/SOURCES.txt'
[1.835s] running build
[1.835s] running build_py
[1.836s] creating /home/me597/ME597/me597_lab3/build/task_4/build
[1.836s] creating /home/me597/ME597/me597_lab3/build/task_4/build/lib
[1.836s] creating /home/me597/ME597/me597_lab3/build/task_4/build/lib/task_4
[1.839s] copying task_4/__init__.py -> /home/me597/ME597/me597_lab3/build/task_4/build/lib/task_4
[1.839s] running install
[1.840s] running install_lib
[1.843s] creating /home/me597/ME597/me597_lab3/install/task_4/lib/python3.10/site-packages/task_4
[1.844s] copying /home/me597/ME597/me597_lab3/build/task_4/build/lib/task_4/__init__.py -> /home/me597/ME597/me597_lab3/install/task_4/lib/python3.10/site-packages/task_4
[1.845s] byte-compiling /home/me597/ME597/me597_lab3/install/task_4/lib/python3.10/site-packages/task_4/__init__.py to __init__.cpython-310.pyc
[1.846s] running install_data
[1.846s] creating /home/me597/ME597/me597_lab3/install/task_4/share/ament_index
[1.847s] creating /home/me597/ME597/me597_lab3/install/task_4/share/ament_index/resource_index
[1.848s] creating /home/me597/ME597/me597_lab3/install/task_4/share/ament_index/resource_index/packages
[1.848s] copying resource/task_4 -> /home/me597/ME597/me597_lab3/install/task_4/share/ament_index/resource_index/packages
[1.848s] copying package.xml -> /home/me597/ME597/me597_lab3/install/task_4/share/task_4
[1.849s] creating /home/me597/ME597/me597_lab3/install/task_4/share/task_4/launch
[1.849s] copying launch/gen_sync_map_launch.py -> /home/me597/ME597/me597_lab3/install/task_4/share/task_4/launch
[1.849s] running install_egg_info
[1.859s] Copying ../../build/task_4/task_4.egg-info to /home/me597/ME597/me597_lab3/install/task_4/lib/python3.10/site-packages/task_4-0.0.0-py3.10.egg-info
[1.862s] running install_scripts
[1.900s] writing list of installed files to '/home/me597/ME597/me597_lab3/build/task_4/install.log'
[1.959s] Invoked command in '/home/me597/ME597/me597_lab3/04/task_4' returned '0': PYTHONPATH=/home/me597/ME597/me597_lab3/build/task_4/prefix_override:/usr/lib/python3/dist-packages/colcon_core/task/python/colcon_distutils_commands:/home/me597/ME597/me597_lab3/install/task_4/lib/python3.10/site-packages:${PYTHONPATH} /usr/bin/python3 -W ignore:setup.py install is deprecated -W ignore:easy_install command is deprecated setup.py egg_info --egg-base ../../build/task_4 build --build-base /home/me597/ME597/me597_lab3/build/task_4/build install --record /home/me597/ME597/me597_lab3/build/task_4/install.log --single-version-externally-managed install_data
