[0.502s] Invoking command in '/home/me597/ME597/me597_lab3/04/task_4': PYTHONPATH=/home/me597/ME597/me597_lab3/04/build/task_4/prefix_override:/usr/lib/python3/dist-packages/colcon_core/task/python/colcon_distutils_commands:/home/me597/ME597/me597_lab3/04/install/task_4/lib/python3.10/site-packages:${PYTHONPATH} /usr/bin/python3 -W ignore:setup.py install is deprecated -W ignore:easy_install command is deprecated setup.py egg_info --egg-base ../build/task_4 build --build-base /home/me597/ME597/me597_lab3/04/build/task_4/build install --record /home/me597/ME597/me597_lab3/04/build/task_4/install.log --single-version-externally-managed install_data
[0.710s] running egg_info
[0.711s] writing ../build/task_4/task_4.egg-info/PKG-INFO
[0.711s] writing dependency_links to ../build/task_4/task_4.egg-info/dependency_links.txt
[0.712s] writing entry points to ../build/task_4/task_4.egg-info/entry_points.txt
[0.712s] writing requirements to ../build/task_4/task_4.egg-info/requires.txt
[0.712s] writing top-level names to ../build/task_4/task_4.egg-info/top_level.txt
[0.716s] reading manifest file '../build/task_4/task_4.egg-info/SOURCES.txt'
[0.718s] adding license file 'LICENSE'
[0.719s] writing manifest file '../build/task_4/task_4.egg-info/SOURCES.txt'
[0.719s] running build
[0.719s] running build_py
[0.721s] copying task_4/auto_navigator.py -> /home/me597/ME597/me597_lab3/04/build/task_4/build/lib/task_4
[0.722s] running install
[0.723s] running install_lib
[0.723s] copying /home/me597/ME597/me597_lab3/04/build/task_4/build/lib/task_4/auto_navigator.py -> /home/me597/ME597/me597_lab3/04/install/task_4/lib/python3.10/site-packages/task_4
[0.724s] byte-compiling /home/me597/ME597/me597_lab3/04/install/task_4/lib/python3.10/site-packages/task_4/auto_navigator.py to auto_navigator.cpython-310.pyc
[0.733s] running install_data
[0.734s] running install_egg_info
[0.736s] removing '/home/me597/ME597/me597_lab3/04/install/task_4/lib/python3.10/site-packages/task_4-0.0.0-py3.10.egg-info' (and everything under it)
[0.738s] Copying ../build/task_4/task_4.egg-info to /home/me597/ME597/me597_lab3/04/install/task_4/lib/python3.10/site-packages/task_4-0.0.0-py3.10.egg-info
[0.739s] running install_scripts
[0.771s] Installing auto_navigator script to /home/me597/ME597/me597_lab3/04/install/task_4/lib/task_4
[0.772s] Installing map_test script to /home/me597/ME597/me597_lab3/04/install/task_4/lib/task_4
[0.772s] Installing test script to /home/me597/ME597/me597_lab3/04/install/task_4/lib/task_4
[0.772s] writing list of installed files to '/home/me597/ME597/me597_lab3/04/build/task_4/install.log'
[0.799s] Invoked command in '/home/me597/ME597/me597_lab3/04/task_4' returned '0': PYTHONPATH=/home/me597/ME597/me597_lab3/04/build/task_4/prefix_override:/usr/lib/python3/dist-packages/colcon_core/task/python/colcon_distutils_commands:/home/me597/ME597/me597_lab3/04/install/task_4/lib/python3.10/site-packages:${PYTHONPATH} /usr/bin/python3 -W ignore:setup.py install is deprecated -W ignore:easy_install command is deprecated setup.py egg_info --egg-base ../build/task_4 build --build-base /home/me597/ME597/me597_lab3/04/build/task_4/build install --record /home/me597/ME597/me597_lab3/04/build/task_4/install.log --single-version-externally-managed install_data
